<?xml version="1.0" encoding="UTF-8"?>
<!-- Generated by org.testng.reporters.JUnitReportReporter -->
<testsuite skipped="0" hostname="Vimal-Verma" name="getRequest.getData" tests="1" failures="0" timestamp="29 Mar 2018 09:15:33 GMT" time="4.825" errors="0">
  <testcase name="Testbody" time="4.825" classname="getRequest.getData"/>
</testsuite> <!-- getRequest.getData -->
